ERROR: 29/09/2018 - 11:42:33> Procedimiento de errorcaucion
ERROR: 29/09/2018 - 11:42:35> Procedimiento de errorcaucion
WARNING: 29/09/2018 - 11:42:36> Procedimiento de precaucion
INFO: 29/09/2018 - 11:45:16> Procedimiento de informacionon
INFO: 29/09/2018 - 11:45:34> Procedimiento de informacionon
WARNING: 29/09/2018 - 11:45:55> Procedimiento de precaucion
INFO: 29/09/2018 - 11:47:08> Procedimiento de informacionon
INFO: 29/09/2018 - 11:49:06> Procedimiento de informacionon
INFO: 29/09/2018 - 12:03:02> Procedimiento de informacion
ERROR: 29/09/2018 - 12:03:02> Procedimiento de error
WARNING: 29/09/2018 - 12:03:02> Procedimiento de precaucion
INFO: 29/09/2018 - 12:03:04> Procedimiento de informacion
ERROR: 29/09/2018 - 12:03:04> Procedimiento de error
WARNING: 29/09/2018 - 12:03:04> Procedimiento de precaucion
INFO: 29/09/2018 - 12:03:04> Procedimiento de informacion
ERROR: 29/09/2018 - 12:03:04> Procedimiento de error
WARNING: 29/09/2018 - 12:03:04> Procedimiento de precaucion
INFO: 29/09/2018 - 12:03:05> Procedimiento de informacion
ERROR: 29/09/2018 - 12:03:05> Procedimiento de error
WARNING: 29/09/2018 - 12:03:05> Procedimiento de precaucion
INFO: 29/09/2018 - 12:03:06> Procedimiento de informacion
ERROR: 29/09/2018 - 12:03:06> Procedimiento de error
WARNING: 29/09/2018 - 12:03:06> Procedimiento de precaucion
INFO: 29/09/2018 - 12:03:08> Procedimiento de informacion
ERROR: 29/09/2018 - 12:03:08> Procedimiento de error
WARNING: 29/09/2018 - 12:03:08> Procedimiento de precaucion
INFO: 29/09/2018 - 12:03:10> Procedimiento de informacion
ERROR: 29/09/2018 - 12:03:10> Procedimiento de error
WARNING: 29/09/2018 - 12:03:10> Procedimiento de precaucion
INFO: 29/09/2018 - 12:52:01> Iniciando UServer...
INFO: 29/09/2018 - 12:52:12> Iniciando UServer...
ERROR: 29/09/2018 - 12:52:12> error
INFO: 29/09/2018 - 12:52:12> info
WARNING: 29/09/2018 - 12:52:12> warning