INFO: 30/09/2018 - 08:43:50> Iniciando UServer...
INFO: 30/09/2018 - 08:49:22> Iniciando UServer...
INFO: 30/09/2018 - 08:49:22> Node desde ruta + C:\Program Files\nodejs\node.exe
INFO: 30/09/2018 - 08:49:22> Servidor desde C:\Users\ELopez\Desktop\UServer\userver.js
INFO: 30/09/2018 - 09:23:05> Iniciando UServer...
INFO: 30/09/2018 - 09:23:05> Node desde ruta C:\Program Files\nodejs\node.exe
INFO: 30/09/2018 - 09:23:05> Servidor desde C:\Users\ELopez\Desktop\UServer\userver.js
ERROR: 30/09/2018 - 09:23:05> Configuración de HTTP y HTTPS incorrecta, no pueden ser ambos true
INFO: 30/09/2018 - 09:23:05> Cerrando procesos del servidor...
INFO: 30/09/2018 - 09:23:35> Iniciando UServer...
INFO: 30/09/2018 - 09:23:35> Node desde ruta C:\Program Files\nodejs\node.exe
INFO: 30/09/2018 - 09:23:35> Servidor desde C:\Users\ELopez\Desktop\UServer\userver.js
ERROR: 30/09/2018 - 09:23:35> Configuración de HTTP y HTTPS incorrecta, no pueden ser ambos true
INFO: 30/09/2018 - 09:23:35> Cerrando procesos del servidor...
INFO: 30/09/2018 - 09:42:42> Iniciando UServer...
INFO: 30/09/2018 - 09:42:42> Node desde ruta C:\Program Files\nodejs\node.exe
INFO: 30/09/2018 - 09:42:42> Servidor desde C:\Users\ELopez\Desktop\UServer\userver.js
ERROR: 30/09/2018 - 09:42:42> Configuración de HTTP y HTTPS incorrecta, no pueden ser ambos true
INFO: 30/09/2018 - 09:42:42> Cerrando procesos del servidor...
INFO: 30/09/2018 - 09:43:01> Iniciando UServer...
INFO: 30/09/2018 - 09:43:01> Node desde ruta C:\Program Files\nodejs\node.exe
INFO: 30/09/2018 - 09:43:01> Servidor desde C:\Users\ELopez\Desktop\UServer\userver.js
INFO: 30/09/2018 - 09:46:18> Iniciando UServer...
INFO: 30/09/2018 - 09:46:18> Node desde ruta C:\Program Files\nodejs\node.exe
INFO: 30/09/2018 - 09:46:18> Servidor desde C:\Users\ELopez\Desktop\UServer\userver.js
INFO: 30/09/2018 - 09:46:18> Iniciando servidor...
INFO: 30/09/2018 - 11:54:36> Iniciando UServer...
INFO: 30/09/2018 - 11:54:36> Node desde ruta C:\Program Files\nodejs\node.exe
INFO: 30/09/2018 - 11:54:36> Servidor desde C:\Users\ELopez\Desktop\UServer\userver.js
INFO: 30/09/2018 - 11:54:36> Iniciando servidor...
INFO: 30/09/2018 - 11:55:10> Iniciando UServer...
INFO: 30/09/2018 - 11:55:10> Node desde ruta C:\Program Files\nodejs\node.exe
INFO: 30/09/2018 - 11:55:10> Servidor desde C:\Users\ELopez\Desktop\UServer\userver.js
INFO: 30/09/2018 - 11:55:10> Iniciando servidor...
INFO: 30/09/2018 - 11:55:10> Servidor escuchando en puerto 666
INFO: 30/09/2018 - 11:55:32> Petición recibida - [object Object]
INFO: 30/09/2018 - 11:57:32> Petición recibida - [object Object]
INFO: 30/09/2018 - 12:34:59> Iniciando UServer...
INFO: 30/09/2018 - 12:34:59> Node desde ruta C:\Program Files\nodejs\node.exe
INFO: 30/09/2018 - 12:34:59> Servidor desde C:\Users\ELopez\Desktop\UServer\userver.js
INFO: 30/09/2018 - 12:34:59> Iniciando servidor...
INFO: 30/09/2018 - 12:34:59> Servidor escuchando en puerto 666